You will be provided with a partial code base and an issue statement explaining a problem to resolve.

<issue>
Not found column _sample_factor when WHERE is present
Â ğŸ‘‹

I'm getting `NOT_FOUND_COLUMN_IN_BLOCK` error for `_sample_factor` on queries containing a WHERE clause: 

```console
$ docker run -d --rm --ulimit nofile=262144:262144 clickhouse/clickhouse-server:24.2
$ docker exec -ti 4e clickhouse client
```
```sql
4ed07fc7aea4 :) create table demo(a UInt64, b UInt64) engine MergeTree order by (a, b) sample by b;
4ed07fc7aea4 :) insert into demo(a, b) values (1, 2), (3, 4);

4ed07fc7aea4 :) select uniq(b) * any(_sample_factor) from demo sample 200000;
-- â”Œâ”€multiply(uniq(b), any(_sample_factor))â”€â”
-- â”‚                                      2 â”‚
-- â””â”€â”€â”€â”€â”€â”€â”€â”€â”€â”€â”€â”€â”€â”€â”€â”€â”€â”€â”€â”€â”€â”€â”€â”€â”€â”€â”€â”€â”€â”€â”€â”€â”€â”€â”€â”€â”€â”€â”€â”€â”˜

4ed07fc7aea4 :) select uniq(b) * any(_sample_factor) from demo sample 200000 where a < -1;
-- Received exception from server (version 24.2.1):
-- Code: 10. DB::Exception: Received from localhost:9000. DB::Exception: Not found column _sample_factor:  in block a UInt64 UInt64(size = 0), b UInt64 UInt64(size = 0). (NOT_FOUND_COLUMN_IN_BLOCK)

4ed07fc7aea4 :) select version();
-- â”Œâ”€version()â”€â”€â”€â”
-- â”‚ 24.2.1.2248 â”‚
-- â””â”€â”€â”€â”€â”€â”€â”€â”€â”€â”€â”€â”€â”€â”˜

4ed07fc7aea4 :) set allow_experimental_analyzer=1;

4ed07fc7aea4 :) select uniq(b) * any(_sample_factor) from demo sample 200000 where a < -1;
-- Received exception from server (version 24.2.1):
-- Code: 10. DB::Exception: Received from localhost:9000. DB::Exception: Not found column _sample_factor:  in block a UInt64 UInt64(size = 0), b UInt64 UInt64(size = 0). (NOT_FOUND_COLUMN_IN_BLOCK)
```
</issue>

I need you to solve the provided issue by generating a code fix that can be applied directly to the repository

Respond below:
